# Logfile created on 2025-11-10 12:06:47 +0900 by logger.rb/v1.5.3
2025-11-10 12:06:47 +0900: Memory Usage (423920K) : Starting running IHP-SG13G2 Klayout DRC runset on /home/juan/Documents/Workshop_ihp/Modulo_Analogico/Lab5/inverter/gds/inverter.gds
2025-11-10 12:06:47 +0900: Memory Usage (423920K) : Ruby Version for klayout: 3.2.3
2025-11-10 12:06:47 +0900: Memory Usage (425228K) : Loading database to memory is complete.
2025-11-10 12:06:47 +0900: Memory Usage (425228K) : IHP-SG13G2 Klayout DRC runset output at: /home/juan/Documents/Digital_module/Lab1/DRC_results/inverter_inverter_main.lyrdb
2025-11-10 12:06:47 +0900: Memory Usage (425228K) : Evaluate switches.
2025-11-10 12:06:47 +0900: Memory Usage (425228K) : table_name selected  main
2025-11-10 12:06:47 +0900: Memory Usage (425228K) : Klayout will use 1 thread(s)
2025-11-10 12:06:47 +0900: Memory Usage (425228K) : flat mode is enabled for main table.
2025-11-10 12:06:47 +0900: Memory Usage (425228K) : FEOL enabled: true
2025-11-10 12:06:47 +0900: Memory Usage (425228K) : BEOL enabled: true
2025-11-10 12:06:47 +0900: Memory Usage (425228K) : OffGrid enabled: true
2025-11-10 12:06:47 +0900: Memory Usage (425228K) : PreCheck DRC enabled: false
2025-11-10 12:06:47 +0900: Memory Usage (425228K) : CONNECTIVITY_RULES enabled: true for table main
2025-11-10 12:06:47 +0900: Memory Usage (425228K) : Read in polygons from layers.
2025-11-10 12:06:47 +0900: Memory Usage (426244K) : activ_drw has 4 polygons
2025-11-10 12:06:47 +0900: Memory Usage (426244K) : activ_pin has 0 polygons
2025-11-10 12:06:47 +0900: Memory Usage (426244K) : activ_mask has 0 polygons
2025-11-10 12:06:47 +0900: Memory Usage (426244K) : activ_filler has 0 polygons
2025-11-10 12:06:47 +0900: Memory Usage (426244K) : activ_nofill has 0 polygons
2025-11-10 12:06:47 +0900: Memory Usage (426244K) : activ_opc has 0 polygons
2025-11-10 12:06:47 +0900: Memory Usage (426244K) : activ_iopc has 0 polygons
2025-11-10 12:06:47 +0900: Memory Usage (426244K) : activ_noqrc has 0 polygons
2025-11-10 12:06:47 +0900: Memory Usage (426244K) : biwind_drw has 0 polygons
2025-11-10 12:06:47 +0900: Memory Usage (426244K) : biwind_opc has 0 polygons
2025-11-10 12:06:47 +0900: Memory Usage (426372K) : pemwind_drw has 0 polygons
2025-11-10 12:06:47 +0900: Memory Usage (426372K) : gatpoly_drw has 2 polygons
2025-11-10 12:06:47 +0900: Memory Usage (426500K) : gatpoly_pin has 1 polygons
2025-11-10 12:06:47 +0900: Memory Usage (426500K) : gatpoly_filler has 0 polygons
2025-11-10 12:06:47 +0900: Memory Usage (426500K) : gatpoly_nofill has 0 polygons
2025-11-10 12:06:47 +0900: Memory Usage (426500K) : gatpoly_opc has 0 polygons
2025-11-10 12:06:47 +0900: Memory Usage (426500K) : gatpoly_iopc has 0 polygons
2025-11-10 12:06:47 +0900: Memory Usage (426500K) : gatpoly_noqrc has 0 polygons
2025-11-10 12:06:47 +0900: Memory Usage (426500K) : cont_drw has 34 polygons
2025-11-10 12:06:47 +0900: Memory Usage (426500K) : cont_opc has 0 polygons
2025-11-10 12:06:47 +0900: Memory Usage (426628K) : nsd_drw has 0 polygons
2025-11-10 12:06:47 +0900: Memory Usage (426628K) : nsd_block has 0 polygons
2025-11-10 12:06:47 +0900: Memory Usage (426756K) : metal1_drw has 4 polygons
2025-11-10 12:06:47 +0900: Memory Usage (426884K) : metal1_pin has 6 polygons
2025-11-10 12:06:47 +0900: Memory Usage (426884K) : metal1_mask has 0 polygons
2025-11-10 12:06:47 +0900: Memory Usage (427012K) : metal1_filler has 0 polygons
2025-11-10 12:06:47 +0900: Memory Usage (427140K) : metal1_nofill has 0 polygons
2025-11-10 12:06:47 +0900: Memory Usage (427140K) : metal1_slit has 0 polygons
2025-11-10 12:06:47 +0900: Memory Usage (427396K) : metal1_text has 0 polygons
2025-11-10 12:06:47 +0900: Memory Usage (427396K) : metal1_opc has 0 polygons
2025-11-10 12:06:47 +0900: Memory Usage (427524K) : metal1_noqrc has 0 polygons
2025-11-10 12:06:47 +0900: Memory Usage (427524K) : metal1_res has 0 polygons
2025-11-10 12:06:47 +0900: Memory Usage (427652K) : metal1_iprobe has 0 polygons
2025-11-10 12:06:47 +0900: Memory Usage (427780K) : metal1_diffprb has 0 polygons
2025-11-10 12:06:47 +0900: Memory Usage (427908K) : passiv_drw has 0 polygons
2025-11-10 12:06:47 +0900: Memory Usage (427908K) : passiv_pin has 0 polygons
2025-11-10 12:06:47 +0900: Memory Usage (428036K) : passiv_sbump has 0 polygons
2025-11-10 12:06:47 +0900: Memory Usage (428036K) : passiv_pillar has 0 polygons
2025-11-10 12:06:47 +0900: Memory Usage (428164K) : passiv_pdl has 0 polygons
2025-11-10 12:06:47 +0900: Memory Usage (428292K) : metal2_drw has 2 polygons
2025-11-10 12:06:47 +0900: Memory Usage (428292K) : metal2_pin has 0 polygons
2025-11-10 12:06:47 +0900: Memory Usage (428420K) : metal2_mask has 0 polygons
2025-11-10 12:06:47 +0900: Memory Usage (428548K) : metal2_filler has 0 polygons
2025-11-10 12:06:47 +0900: Memory Usage (428548K) : metal2_nofill has 0 polygons
2025-11-10 12:06:47 +0900: Memory Usage (428676K) : metal2_slit has 0 polygons
2025-11-10 12:06:47 +0900: Memory Usage (428676K) : metal2_text has 0 polygons
2025-11-10 12:06:47 +0900: Memory Usage (428804K) : metal2_opc has 0 polygons
2025-11-10 12:06:47 +0900: Memory Usage (428932K) : metal2_noqrc has 0 polygons
2025-11-10 12:06:47 +0900: Memory Usage (428932K) : metal2_res has 0 polygons
2025-11-10 12:06:47 +0900: Memory Usage (429060K) : metal2_iprobe has 0 polygons
2025-11-10 12:06:47 +0900: Memory Usage (429188K) : metal2_diffprb has 0 polygons
2025-11-10 12:06:47 +0900: Memory Usage (429188K) : baspoly_drw has 0 polygons
2025-11-10 12:06:47 +0900: Memory Usage (429316K) : baspoly_pin has 0 polygons
2025-11-10 12:06:47 +0900: Memory Usage (429444K) : psd_drw has 2 polygons
2025-11-10 12:06:47 +0900: Memory Usage (429444K) : nldb_drw has 0 polygons
2025-11-10 12:06:47 +0900: Memory Usage (429572K) : digibnd_drw has 0 polygons
2025-11-10 12:06:47 +0900: Memory Usage (429700K) : via1_drw has 4 polygons
2025-11-10 12:06:47 +0900: Memory Usage (429700K) : backmetal1_drw has 0 polygons
2025-11-10 12:06:47 +0900: Memory Usage (429828K) : backmetal1_pin has 0 polygons
2025-11-10 12:06:47 +0900: Memory Usage (429956K) : backmetal1_mask has 0 polygons
2025-11-10 12:06:47 +0900: Memory Usage (430084K) : backmetal1_filler has 0 polygons
2025-11-10 12:06:47 +0900: Memory Usage (430084K) : backmetal1_nofill has 0 polygons
2025-11-10 12:06:47 +0900: Memory Usage (430212K) : backmetal1_slit has 0 polygons
2025-11-10 12:06:47 +0900: Memory Usage (430212K) : backmetal1_text has 0 polygons
2025-11-10 12:06:47 +0900: Memory Usage (430340K) : backmetal1_opc has 0 polygons
2025-11-10 12:06:47 +0900: Memory Usage (430340K) : backmetal1_noqrc has 0 polygons
2025-11-10 12:06:47 +0900: Memory Usage (430468K) : backmetal1_res has 0 polygons
2025-11-10 12:06:47 +0900: Memory Usage (430596K) : backmetal1_iprobe has 0 polygons
2025-11-10 12:06:47 +0900: Memory Usage (430596K) : backmetal1_diffprb has 0 polygons
2025-11-10 12:06:47 +0900: Memory Usage (430724K) : backpassiv_drw has 0 polygons
2025-11-10 12:06:47 +0900: Memory Usage (430852K) : res_drw has 0 polygons
2025-11-10 12:06:47 +0900: Memory Usage (430980K) : sram_drw has 0 polygons
2025-11-10 12:06:47 +0900: Memory Usage (430980K) : trans_drw has 0 polygons
2025-11-10 12:06:47 +0900: Memory Usage (431108K) : ind_drw has 0 polygons
2025-11-10 12:06:47 +0900: Memory Usage (431236K) : ind_pin has 0 polygons
2025-11-10 12:06:47 +0900: Memory Usage (431236K) : ind_text has 0 polygons
2025-11-10 12:06:47 +0900: Memory Usage (431364K) : salblock_drw has 0 polygons
2025-11-10 12:06:47 +0900: Memory Usage (431364K) : via2_drw has 0 polygons
2025-11-10 12:06:47 +0900: Memory Usage (431492K) : metal3_drw has 0 polygons
2025-11-10 12:06:47 +0900: Memory Usage (431620K) : metal3_pin has 0 polygons
2025-11-10 12:06:47 +0900: Memory Usage (431620K) : metal3_mask has 0 polygons
2025-11-10 12:06:47 +0900: Memory Usage (431748K) : metal3_filler has 0 polygons
2025-11-10 12:06:47 +0900: Memory Usage (431876K) : metal3_nofill has 0 polygons
2025-11-10 12:06:47 +0900: Memory Usage (432004K) : metal3_slit has 0 polygons
2025-11-10 12:06:47 +0900: Memory Usage (432004K) : metal3_text has 0 polygons
2025-11-10 12:06:47 +0900: Memory Usage (432004K) : metal3_opc has 0 polygons
2025-11-10 12:06:47 +0900: Memory Usage (432004K) : metal3_noqrc has 0 polygons
2025-11-10 12:06:47 +0900: Memory Usage (432004K) : metal3_res has 0 polygons
2025-11-10 12:06:47 +0900: Memory Usage (432004K) : metal3_iprobe has 0 polygons
2025-11-10 12:06:47 +0900: Memory Usage (432132K) : metal3_diffprb has 0 polygons
2025-11-10 12:06:47 +0900: Memory Usage (432132K) : nwell_drw has 1 polygons
2025-11-10 12:06:47 +0900: Memory Usage (432260K) : nwell_pin has 0 polygons
2025-11-10 12:06:47 +0900: Memory Usage (432388K) : nbulay_drw has 0 polygons
2025-11-10 12:06:47 +0900: Memory Usage (432388K) : nbulay_pin has 0 polygons
2025-11-10 12:06:47 +0900: Memory Usage (432516K) : nbulay_block has 0 polygons
2025-11-10 12:06:47 +0900: Memory Usage (432644K) : emwind_drw has 0 polygons
2025-11-10 12:06:47 +0900: Memory Usage (432772K) : emwind_opc has 0 polygons
2025-11-10 12:06:47 +0900: Memory Usage (432772K) : deepco_drw has 0 polygons
2025-11-10 12:06:47 +0900: Memory Usage (432900K) : deepco_drw has 0 polygons
2025-11-10 12:06:47 +0900: Memory Usage (433028K) : mim_drw has 0 polygons
2025-11-10 12:06:47 +0900: Memory Usage (433028K) : edgeseal_drw has 0 polygons
2025-11-10 12:06:47 +0900: Memory Usage (433156K) : edgeseal_bound has 0 polygons
2025-11-10 12:06:47 +0900: Memory Usage (433284K) : substrate_drw has 1 polygons
2025-11-10 12:06:47 +0900: Memory Usage (433284K) : substrate_text has 0 polygons
2025-11-10 12:06:47 +0900: Memory Usage (433412K) : dfpad_drw has 0 polygons
2025-11-10 12:06:47 +0900: Memory Usage (433412K) : dfpad_pillar has 0 polygons
2025-11-10 12:06:47 +0900: Memory Usage (433540K) : dfpad_sbump has 0 polygons
2025-11-10 12:06:47 +0900: Memory Usage (433668K) : thickgateox_drw has 0 polygons
2025-11-10 12:06:47 +0900: Memory Usage (433668K) : pldb_drw has 0 polygons
2025-11-10 12:06:47 +0900: Memory Usage (433796K) : pwell_drw has 0 polygons
2025-11-10 12:06:47 +0900: Memory Usage (433924K) : pwell_pin has 0 polygons
2025-11-10 12:06:47 +0900: Memory Usage (433924K) : pwell_block has 0 polygons
2025-11-10 12:06:47 +0900: Memory Usage (434052K) : ic_drw has 0 polygons
2025-11-10 12:06:47 +0900: Memory Usage (434052K) : via3_drw has 0 polygons
2025-11-10 12:06:47 +0900: Memory Usage (434180K) : metal4_drw has 0 polygons
2025-11-10 12:06:47 +0900: Memory Usage (434308K) : metal4_pin has 0 polygons
2025-11-10 12:06:47 +0900: Memory Usage (434436K) : metal4_mask has 0 polygons
2025-11-10 12:06:47 +0900: Memory Usage (434436K) : metal4_filler has 0 polygons
2025-11-10 12:06:47 +0900: Memory Usage (434564K) : metal4_nofill has 0 polygons
2025-11-10 12:06:47 +0900: Memory Usage (434692K) : metal4_slit has 0 polygons
2025-11-10 12:06:47 +0900: Memory Usage (434692K) : metal4_text has 0 polygons
2025-11-10 12:06:47 +0900: Memory Usage (434820K) : metal4_opc has 0 polygons
2025-11-10 12:06:47 +0900: Memory Usage (434820K) : metal4_noqrc has 0 polygons
2025-11-10 12:06:47 +0900: Memory Usage (434948K) : metal4_res has 0 polygons
2025-11-10 12:06:47 +0900: Memory Usage (435076K) : metal4_iprobe has 0 polygons
2025-11-10 12:06:47 +0900: Memory Usage (435076K) : metal4_diffprb has 0 polygons
2025-11-10 12:06:47 +0900: Memory Usage (435204K) : heattrans_drw has 2 polygons
2025-11-10 12:06:47 +0900: Memory Usage (435332K) : heatres_drw has 0 polygons
2025-11-10 12:06:47 +0900: Memory Usage (435460K) : pempoly_drw has 0 polygons
2025-11-10 12:06:47 +0900: Memory Usage (435460K) : fbe_drw has 0 polygons
2025-11-10 12:06:47 +0900: Memory Usage (435588K) : empoly_drw has 0 polygons
2025-11-10 12:06:47 +0900: Memory Usage (435716K) : ldmos_drw has 0 polygons
2025-11-10 12:06:47 +0900: Memory Usage (435716K) : pbiwind_drw has 0 polygons
2025-11-10 12:06:47 +0900: Memory Usage (435844K) : digisub_drw has 0 polygons
2025-11-10 12:06:47 +0900: Memory Usage (435972K) : nodrc_drw has 0 polygons
2025-11-10 12:06:47 +0900: Memory Usage (435972K) : text_drw has 2 polygons
2025-11-10 12:06:47 +0900: Memory Usage (436100K) : via4_drw has 0 polygons
2025-11-10 12:06:47 +0900: Memory Usage (436228K) : metal5_drw has 0 polygons
2025-11-10 12:06:47 +0900: Memory Usage (436228K) : metal5_pin has 0 polygons
2025-11-10 12:06:47 +0900: Memory Usage (436356K) : metal5_mask has 0 polygons
2025-11-10 12:06:47 +0900: Memory Usage (436484K) : metal5_filler has 0 polygons
2025-11-10 12:06:47 +0900: Memory Usage (436484K) : metal5_nofill has 0 polygons
2025-11-10 12:06:47 +0900: Memory Usage (436612K) : metal5_slit has 0 polygons
2025-11-10 12:06:47 +0900: Memory Usage (436612K) : metal5_text has 0 polygons
2025-11-10 12:06:47 +0900: Memory Usage (436740K) : metal5_opc has 0 polygons
2025-11-10 12:06:47 +0900: Memory Usage (436868K) : metal5_noqrc has 0 polygons
2025-11-10 12:06:47 +0900: Memory Usage (436868K) : metal5_res has 0 polygons
2025-11-10 12:06:47 +0900: Memory Usage (436996K) : metal5_iprobe has 0 polygons
2025-11-10 12:06:47 +0900: Memory Usage (437124K) : metal5_diffprb has 0 polygons
2025-11-10 12:06:47 +0900: Memory Usage (437252K) : radhard_drw has 0 polygons
2025-11-10 12:06:47 +0900: Memory Usage (437252K) : memcap_drw has 0 polygons
2025-11-10 12:06:47 +0900: Memory Usage (437380K) : varicap_drw has 0 polygons
2025-11-10 12:06:47 +0900: Memory Usage (437508K) : flash_drw has 0 polygons
2025-11-10 12:06:47 +0900: Memory Usage (437636K) : intbondvia_drw has 0 polygons
2025-11-10 12:06:47 +0900: Memory Usage (437764K) : intbondmet_drw has 0 polygons
2025-11-10 12:06:47 +0900: Memory Usage (437764K) : devbondvia_drw has 0 polygons
2025-11-10 12:06:47 +0900: Memory Usage (437892K) : devbondmet_drw has 0 polygons
2025-11-10 12:06:47 +0900: Memory Usage (438020K) : devtrench_drw has 0 polygons
2025-11-10 12:06:47 +0900: Memory Usage (438020K) : redist_drw has 0 polygons
2025-11-10 12:06:47 +0900: Memory Usage (438148K) : graphbot_drw has 0 polygons
2025-11-10 12:06:47 +0900: Memory Usage (438276K) : graphtop_drw has 0 polygons
2025-11-10 12:06:47 +0900: Memory Usage (438276K) : antvia1_drw has 0 polygons
2025-11-10 12:06:47 +0900: Memory Usage (438404K) : antmetal2_drw has 0 polygons
2025-11-10 12:06:47 +0900: Memory Usage (438532K) : graphcont_drw has 0 polygons
2025-11-10 12:06:47 +0900: Memory Usage (438660K) : siwg_drw has 0 polygons
2025-11-10 12:06:47 +0900: Memory Usage (438788K) : siwg_filler has 0 polygons
2025-11-10 12:06:47 +0900: Memory Usage (438788K) : siwg_nofill has 0 polygons
2025-11-10 12:06:47 +0900: Memory Usage (438916K) : sigrating_drw has 0 polygons
2025-11-10 12:06:47 +0900: Memory Usage (439044K) : singrating_drw has 0 polygons
2025-11-10 12:06:47 +0900: Memory Usage (439044K) : graphpas_drw has 0 polygons
2025-11-10 12:06:47 +0900: Memory Usage (439172K) : emwind3_drw has 0 polygons
2025-11-10 12:06:47 +0900: Memory Usage (439300K) : emwihv3_drw has 0 polygons
2025-11-10 12:06:47 +0900: Memory Usage (439428K) : redbulay_drw has 0 polygons
2025-11-10 12:06:47 +0900: Memory Usage (439428K) : smos_drw has 0 polygons
2025-11-10 12:06:47 +0900: Memory Usage (439556K) : graphpad_drw has 0 polygons
2025-11-10 12:06:47 +0900: Memory Usage (439684K) : polimide_drw has 0 polygons
2025-11-10 12:06:47 +0900: Memory Usage (439812K) : polimide_pin has 0 polygons
2025-11-10 12:06:47 +0900: Memory Usage (439940K) : recog_drw has 0 polygons
2025-11-10 12:06:47 +0900: Memory Usage (439940K) : recog_pin has 0 polygons
2025-11-10 12:06:47 +0900: Memory Usage (440068K) : recog_esd has 0 polygons
2025-11-10 12:06:47 +0900: Memory Usage (440196K) : recog_diode has 0 polygons
2025-11-10 12:06:47 +0900: Memory Usage (440324K) : recog_tsv has 0 polygons
2025-11-10 12:06:47 +0900: Memory Usage (440452K) : recog_iprobe has 0 polygons
2025-11-10 12:06:47 +0900: Memory Usage (440452K) : recog_diffprb has 0 polygons
2025-11-10 12:06:47 +0900: Memory Usage (440580K) : recog_pillar has 0 polygons
2025-11-10 12:06:47 +0900: Memory Usage (440708K) : recog_sbump has 0 polygons
2025-11-10 12:06:47 +0900: Memory Usage (440836K) : recog_otp has 0 polygons
2025-11-10 12:06:47 +0900: Memory Usage (440964K) : recog_pdiode has 0 polygons
2025-11-10 12:06:47 +0900: Memory Usage (440964K) : recog_mom has 0 polygons
2025-11-10 12:06:47 +0900: Memory Usage (441092K) : recog_pcm has 0 polygons
2025-11-10 12:06:47 +0900: Memory Usage (441220K) : colopen_drw has 0 polygons
2025-11-10 12:06:47 +0900: Memory Usage (441220K) : graphmetal1_drw has 0 polygons
2025-11-10 12:06:47 +0900: Memory Usage (441348K) : graphmetal1_filler has 0 polygons
2025-11-10 12:06:47 +0900: Memory Usage (441476K) : graphmetal1_nofill has 0 polygons
2025-11-10 12:06:47 +0900: Memory Usage (441476K) : graphmetal1_slit has 0 polygons
2025-11-10 12:06:47 +0900: Memory Usage (441604K) : graphmetal1_opc has 0 polygons
2025-11-10 12:06:47 +0900: Memory Usage (441732K) : graphmet1l_drw has 0 polygons
2025-11-10 12:06:47 +0900: Memory Usage (441988K) : graphmet1l_filler has 0 polygons
2025-11-10 12:06:47 +0900: Memory Usage (441988K) : graphmet1l_nofill has 0 polygons
2025-11-10 12:06:47 +0900: Memory Usage (442116K) : graphmet1l_slit has 0 polygons
2025-11-10 12:06:47 +0900: Memory Usage (442244K) : graphmet1l_opc has 0 polygons
2025-11-10 12:06:47 +0900: Memory Usage (442372K) : extblock_drw has 0 polygons
2025-11-10 12:06:47 +0900: Memory Usage (442500K) : nldd_drw has 0 polygons
2025-11-10 12:06:47 +0900: Memory Usage (442500K) : pldd_drw has 0 polygons
2025-11-10 12:06:47 +0900: Memory Usage (442628K) : next_drw has 0 polygons
2025-11-10 12:06:47 +0900: Memory Usage (442628K) : pext_drw has 0 polygons
2025-11-10 12:06:47 +0900: Memory Usage (442756K) : nexthv_drw has 0 polygons
2025-11-10 12:06:47 +0900: Memory Usage (442884K) : pexthv_drw has 0 polygons
2025-11-10 12:06:47 +0900: Memory Usage (442884K) : graphgate_drw has 0 polygons
2025-11-10 12:06:47 +0900: Memory Usage (443012K) : sinwg_drw has 0 polygons
2025-11-10 12:06:47 +0900: Memory Usage (443140K) : sinwg_filler has 0 polygons
2025-11-10 12:06:47 +0900: Memory Usage (443140K) : sinwg_nofill has 0 polygons
2025-11-10 12:06:47 +0900: Memory Usage (443268K) : mempad_drw has 0 polygons
2025-11-10 12:06:47 +0900: Memory Usage (443396K) : topvia1_drw has 0 polygons
2025-11-10 12:06:47 +0900: Memory Usage (443396K) : topmetal1_drw has 0 polygons
2025-11-10 12:06:47 +0900: Memory Usage (443524K) : topmetal1_pin has 0 polygons
2025-11-10 12:06:47 +0900: Memory Usage (443652K) : topmetal1_mask has 0 polygons
2025-11-10 12:06:47 +0900: Memory Usage (443652K) : topmetal1_filler has 0 polygons
2025-11-10 12:06:47 +0900: Memory Usage (443780K) : topmetal1_nofill has 0 polygons
2025-11-10 12:06:47 +0900: Memory Usage (443908K) : topmetal1_slit has 0 polygons
2025-11-10 12:06:47 +0900: Memory Usage (443908K) : topmetal1_text has 0 polygons
2025-11-10 12:06:47 +0900: Memory Usage (444036K) : topmetal1_noqrc has 0 polygons
2025-11-10 12:06:47 +0900: Memory Usage (444036K) : topmetal1_res has 0 polygons
2025-11-10 12:06:47 +0900: Memory Usage (444036K) : topmetal1_iprobe has 0 polygons
2025-11-10 12:06:47 +0900: Memory Usage (444036K) : topmetal1_diffprb has 0 polygons
2025-11-10 12:06:47 +0900: Memory Usage (444036K) : inldpwl_drw has 0 polygons
2025-11-10 12:06:47 +0900: Memory Usage (444036K) : polyres_drw has 0 polygons
2025-11-10 12:06:47 +0900: Memory Usage (444036K) : polyres_pin has 0 polygons
2025-11-10 12:06:47 +0900: Memory Usage (444036K) : vmim_drw has 0 polygons
2025-11-10 12:06:47 +0900: Memory Usage (444036K) : nbulaycut_drw has 0 polygons
2025-11-10 12:06:47 +0900: Memory Usage (444036K) : antmetal1_drw has 0 polygons
2025-11-10 12:06:47 +0900: Memory Usage (444036K) : topvia2_drw has 0 polygons
2025-11-10 12:06:47 +0900: Memory Usage (444036K) : topmetal2_drw has 0 polygons
2025-11-10 12:06:47 +0900: Memory Usage (444036K) : topmetal2_pin has 0 polygons
2025-11-10 12:06:47 +0900: Memory Usage (444036K) : topmetal2_mask has 0 polygons
2025-11-10 12:06:47 +0900: Memory Usage (444036K) : topmetal2_filler has 0 polygons
2025-11-10 12:06:47 +0900: Memory Usage (444036K) : topmetal2_nofill has 0 polygons
2025-11-10 12:06:47 +0900: Memory Usage (444036K) : topmetal2_slit has 0 polygons
2025-11-10 12:06:47 +0900: Memory Usage (444036K) : topmetal2_text has 0 polygons
2025-11-10 12:06:47 +0900: Memory Usage (444036K) : topmetal2_noqrc has 0 polygons
2025-11-10 12:06:47 +0900: Memory Usage (444036K) : topmetal2_res has 0 polygons
2025-11-10 12:06:47 +0900: Memory Usage (444036K) : topmetal2_iprobe has 0 polygons
2025-11-10 12:06:47 +0900: Memory Usage (444036K) : topmetal2_diffprb has 0 polygons
2025-11-10 12:06:47 +0900: Memory Usage (444036K) : snsring_drw has 0 polygons
2025-11-10 12:06:47 +0900: Memory Usage (444036K) : sensor_drw has 0 polygons
2025-11-10 12:06:47 +0900: Memory Usage (444036K) : snsarms_drw has 0 polygons
2025-11-10 12:06:47 +0900: Memory Usage (444036K) : snscmosvia_drw has 0 polygons
2025-11-10 12:06:47 +0900: Memory Usage (444036K) : colwind_drw has 0 polygons
2025-11-10 12:06:47 +0900: Memory Usage (444036K) : flm_drw has 0 polygons
2025-11-10 12:06:47 +0900: Memory Usage (444036K) : hafniumox_drw has 0 polygons
2025-11-10 12:06:47 +0900: Memory Usage (444036K) : memvia_drw has 0 polygons
2025-11-10 12:06:47 +0900: Memory Usage (444036K) : thinfilmres_drw has 0 polygons
2025-11-10 12:06:47 +0900: Memory Usage (444036K) : rfmem_drw has 0 polygons
2025-11-10 12:06:47 +0900: Memory Usage (444036K) : norcx_drw has 0 polygons
2025-11-10 12:06:47 +0900: Memory Usage (444036K) : norcx_m2m3 has 0 polygons
2025-11-10 12:06:47 +0900: Memory Usage (444036K) : norcx_m2m4 has 0 polygons
2025-11-10 12:06:47 +0900: Memory Usage (444036K) : norcx_m2m5 has 0 polygons
2025-11-10 12:06:47 +0900: Memory Usage (444036K) : norcx_m2tm1 has 0 polygons
2025-11-10 12:06:47 +0900: Memory Usage (444036K) : norcx_m2tm2 has 0 polygons
2025-11-10 12:06:47 +0900: Memory Usage (444036K) : norcx_m3m4 has 0 polygons
2025-11-10 12:06:47 +0900: Memory Usage (444036K) : norcx_m3m5 has 0 polygons
2025-11-10 12:06:47 +0900: Memory Usage (444036K) : norcx_m3tm1 has 0 polygons
2025-11-10 12:06:47 +0900: Memory Usage (444036K) : norcx_m3tm2 has 0 polygons
2025-11-10 12:06:47 +0900: Memory Usage (444036K) : norcx_m4m5 has 0 polygons
2025-11-10 12:06:47 +0900: Memory Usage (444036K) : norcx_m4tm1 has 0 polygons
2025-11-10 12:06:47 +0900: Memory Usage (444036K) : norcx_m4tm2 has 0 polygons
2025-11-10 12:06:47 +0900: Memory Usage (444036K) : norcx_m5tm1 has 0 polygons
2025-11-10 12:06:47 +0900: Memory Usage (444036K) : norcx_m5tm2 has 0 polygons
2025-11-10 12:06:47 +0900: Memory Usage (444036K) : norcx_tm1tm2 has 0 polygons
2025-11-10 12:06:47 +0900: Memory Usage (444036K) : norcx_m1sub has 0 polygons
2025-11-10 12:06:47 +0900: Memory Usage (444036K) : norcx_m2sub has 0 polygons
2025-11-10 12:06:47 +0900: Memory Usage (444036K) : norcx_m3sub has 0 polygons
2025-11-10 12:06:47 +0900: Memory Usage (444036K) : norcx_m4sub has 0 polygons
2025-11-10 12:06:47 +0900: Memory Usage (444036K) : norcx_m5sub has 0 polygons
2025-11-10 12:06:47 +0900: Memory Usage (444036K) : norcx_tm1sub has 0 polygons
2025-11-10 12:06:47 +0900: Memory Usage (444036K) : norcx_tm2sub has 0 polygons
2025-11-10 12:06:47 +0900: Memory Usage (444036K) : snsbotvia_drw has 0 polygons
2025-11-10 12:06:47 +0900: Memory Usage (444036K) : snstopvia_drw has 0 polygons
2025-11-10 12:06:47 +0900: Memory Usage (444036K) : deepvia_drw has 0 polygons
2025-11-10 12:06:47 +0900: Memory Usage (444036K) : fgetch_drw has 0 polygons
2025-11-10 12:06:47 +0900: Memory Usage (444036K) : ctrgat_drw has 0 polygons
2025-11-10 12:06:47 +0900: Memory Usage (444036K) : fgimp_drw has 0 polygons
2025-11-10 12:06:47 +0900: Memory Usage (444036K) : emwihv_drw has 0 polygons
2025-11-10 12:06:47 +0900: Memory Usage (444036K) : lbe_drw has 0 polygons
2025-11-10 12:06:47 +0900: Memory Usage (444036K) : alcustop_drw has 0 polygons
2025-11-10 12:06:47 +0900: Memory Usage (444036K) : nometfiller_drw has 0 polygons
2025-11-10 12:06:47 +0900: Memory Usage (444036K) : prboundary_drw has 0 polygons
2025-11-10 12:06:47 +0900: Memory Usage (444036K) : exchange0_drw has 0 polygons
2025-11-10 12:06:47 +0900: Memory Usage (444036K) : exchange0_pin has 0 polygons
2025-11-10 12:06:47 +0900: Memory Usage (444036K) : exchange0_text has 0 polygons
2025-11-10 12:06:47 +0900: Memory Usage (444036K) : exchange1_drw has 0 polygons
2025-11-10 12:06:47 +0900: Memory Usage (444036K) : exchange1_pin has 0 polygons
2025-11-10 12:06:47 +0900: Memory Usage (444036K) : exchange1_text has 0 polygons
2025-11-10 12:06:47 +0900: Memory Usage (444036K) : exchange2_drw has 0 polygons
2025-11-10 12:06:47 +0900: Memory Usage (444036K) : exchange2_pin has 0 polygons
2025-11-10 12:06:47 +0900: Memory Usage (444036K) : exchange2_text has 0 polygons
2025-11-10 12:06:47 +0900: Memory Usage (444036K) : exchange3_drw has 0 polygons
2025-11-10 12:06:47 +0900: Memory Usage (444036K) : exchange3_pin has 0 polygons
2025-11-10 12:06:47 +0900: Memory Usage (444036K) : exchange3_text has 0 polygons
2025-11-10 12:06:47 +0900: Memory Usage (444036K) : exchange4_drw has 0 polygons
2025-11-10 12:06:47 +0900: Memory Usage (444036K) : exchange4_pin has 0 polygons
2025-11-10 12:06:47 +0900: Memory Usage (444036K) : exchange4_text has 0 polygons
2025-11-10 12:06:47 +0900: Memory Usage (444036K) : isonwell_drw has 0 polygons
2025-11-10 12:06:47 +0900: Memory Usage (444036K) : Total no. of polygons in the design is 65
2025-11-10 12:06:47 +0900: Memory Usage (444164K) : Loaded TECH DRC rules values from /usr/local/share/OpenPDKs/IHP-Open-PDK/ihp-sg13g2/libs.tech/klayout/python/sg13g2_pycell_lib/sg13g2_tech_mod.json
2025-11-10 12:06:47 +0900: Memory Usage (444164K) : Loaded default DRC rules values from /usr/local/share/OpenPDKs/IHP-Open-PDK/ihp-sg13g2/libs.tech/klayout/tech/drc/rule_decks/sg13g2_tech_default.json
2025-11-10 12:06:47 +0900: Memory Usage (444304K) : Total area of the design is 17.855999999999998 um^2.
2025-11-10 12:06:47 +0900: Memory Usage (444304K) : The design dimensions are 2.325 µm * 7.68 µm.
2025-11-10 12:06:47 +0900: Memory Usage (444304K) : Starting general IHP-SG13G2 derivations.
2025-11-10 12:06:47 +0900: Memory Usage (444304K) : Starting Pwell derivations
2025-11-10 12:06:47 +0900: Memory Usage (444304K) : Starting n-Activ derivations
2025-11-10 12:06:47 +0900: Memory Usage (444304K) : Starting p-Activ derivations
2025-11-10 12:06:47 +0900: Memory Usage (444304K) : Starting ptap derivations
2025-11-10 12:06:47 +0900: Memory Usage (444304K) : Starting ntap derivations
2025-11-10 12:06:47 +0900: Memory Usage (444432K) : Starting pact FET derivations
2025-11-10 12:06:47 +0900: Memory Usage (444432K) : Starting nact FET derivations
2025-11-10 12:06:47 +0900: Memory Usage (444432K) : Starting Gate derivations
2025-11-10 12:06:47 +0900: Memory Usage (444432K) : Starting cont/contbar general derivations
2025-11-10 12:06:47 +0900: Memory Usage (444432K) : Starting pad general derivations
2025-11-10 12:06:47 +0900: Memory Usage (444432K) : Starting IHP-SG13G2 DRC connectivity related derivations.
2025-11-10 12:06:47 +0900: Memory Usage (444432K) : Starting IHP-SG13G2 DRC connectivity setup
2025-11-10 12:06:47 +0900: Memory Usage (445632K) : Starting IHP-SG13G2 DRC rules.
2025-11-10 12:06:47 +0900: Memory Usage (445632K) : Running all FEOL rules
2025-11-10 12:06:47 +0900: Memory Usage (445632K) : Running all BEOL rules
2025-11-10 12:06:47 +0900: Memory Usage (445632K) : Starting 3.2. FORBIDDEN table
2025-11-10 12:06:47 +0900: Memory Usage (445632K) : Executing rule forbidden.biwind
2025-11-10 12:06:47 +0900: Memory Usage (445812K) : Executing rule forbidden.pemwind
2025-11-10 12:06:47 +0900: Memory Usage (445812K) : Executing rule forbidden.baspoly
2025-11-10 12:06:47 +0900: Memory Usage (445812K) : Executing rule forbidden.deepco
2025-11-10 12:06:47 +0900: Memory Usage (445812K) : Executing rule forbidden.pempoly
2025-11-10 12:06:47 +0900: Memory Usage (445812K) : Executing rule forbidden.empoly
2025-11-10 12:06:47 +0900: Memory Usage (445812K) : Executing rule forbidden.ldmos
2025-11-10 12:06:47 +0900: Memory Usage (445812K) : Executing rule forbidden.pbiwind
2025-11-10 12:06:47 +0900: Memory Usage (445812K) : Executing rule forbidden.nodrc
2025-11-10 12:06:47 +0900: Memory Usage (445812K) : Executing rule forbidden.flash
2025-11-10 12:06:47 +0900: Memory Usage (445812K) : Executing rule forbidden.colwind
2025-11-10 12:06:47 +0900: Memory Usage (445812K) : Starting 5.1 NWell table
2025-11-10 12:06:47 +0900: Memory Usage (445812K) : Executing rule NW.b
2025-11-10 12:06:47 +0900: Memory Usage (446932K) : Executing rule NW.b1
2025-11-10 12:06:47 +0900: Memory Usage (446932K) : Starting 5.2 PWell:block
2025-11-10 12:06:47 +0900: Memory Usage (446932K) : Executing rule PWB.e
2025-11-10 12:06:47 +0900: Memory Usage (446932K) : Executing rule PWB.e1
2025-11-10 12:06:47 +0900: Memory Usage (446932K) : Executing rule PWB.f
2025-11-10 12:06:47 +0900: Memory Usage (446932K) : Executing rule PWB.f1
2025-11-10 12:06:47 +0900: Memory Usage (446932K) : Starting 5.3 nBuLay table
2025-11-10 12:06:47 +0900: Memory Usage (446932K) : Executing rule NBL.b
2025-11-10 12:06:47 +0900: Memory Usage (446932K) : Executing rule NBL.c
2025-11-10 12:06:47 +0900: Memory Usage (446932K) : Executing rule NBL.d
2025-11-10 12:06:47 +0900: Memory Usage (446932K) : Executing rule NBL.e
2025-11-10 12:06:47 +0900: Memory Usage (446932K) : Executing rule NBL.f
2025-11-10 12:06:47 +0900: Memory Usage (446932K) : Starting 5.5. Activ table
2025-11-10 12:06:47 +0900: Memory Usage (446932K) : Executing rule Act.a
2025-11-10 12:06:47 +0900: Memory Usage (446932K) : Executing rule Act.b
2025-11-10 12:06:47 +0900: Memory Usage (447060K) : Starting 5.6 Activ:filler table
2025-11-10 12:06:47 +0900: Memory Usage (447060K) : Executing rule AFil.c1
2025-11-10 12:06:47 +0900: Memory Usage (447060K) : Executing rule AFil.c
2025-11-10 12:06:47 +0900: Memory Usage (447060K) : Executing rule AFil.d
2025-11-10 12:06:47 +0900: Memory Usage (447060K) : Executing rule AFil.e
2025-11-10 12:06:47 +0900: Memory Usage (447060K) : Executing rule AFil.j
2025-11-10 12:06:47 +0900: Memory Usage (447060K) : Starting 5.7. ThickGateOx table
2025-11-10 12:06:47 +0900: Memory Usage (447060K) : Executing rule TGO.f
2025-11-10 12:06:47 +0900: Memory Usage (447060K) : Starting 5.8. GatPoly table
2025-11-10 12:06:47 +0900: Memory Usage (447060K) : Executing rule Gat.a
2025-11-10 12:06:47 +0900: Memory Usage (447060K) : Executing rule Gat.b
2025-11-10 12:06:47 +0900: Memory Usage (447060K) : Executing rule Gat.d
2025-11-10 12:06:47 +0900: Memory Usage (447060K) : Executing rule Gat.a1
2025-11-10 12:06:47 +0900: Memory Usage (447244K) : Executing rule Gat.a2
2025-11-10 12:06:47 +0900: Memory Usage (447244K) : Executing rule Gat.g
2025-11-10 12:06:47 +0900: Memory Usage (447244K) : Starting 5.9 GatPoly:filler
2025-11-10 12:06:47 +0900: Memory Usage (447244K) : Executing rule GFil.d
2025-11-10 12:06:47 +0900: Memory Usage (447244K) : Executing rule GFil.e
2025-11-10 12:06:47 +0900: Memory Usage (447244K) : Executing rule GFil.i
2025-11-10 12:06:47 +0900: Memory Usage (447244K) : Starting 5.10 pSD table
2025-11-10 12:06:47 +0900: Memory Usage (447244K) : Executing rule pSD.c1
2025-11-10 12:06:47 +0900: Memory Usage (447372K) : Starting 5.14. Cont table
2025-11-10 12:06:47 +0900: Memory Usage (447372K) : Executing rule Cnt.a
2025-11-10 12:06:47 +0900: Memory Usage (447372K) : Executing rule Cnt.b
2025-11-10 12:06:47 +0900: Memory Usage (447372K) : Executing rule Cnt.c
2025-11-10 12:06:47 +0900: Memory Usage (447372K) : Executing rule Cnt.d
2025-11-10 12:06:47 +0900: Memory Usage (447372K) : Executing rule Cnt.e
2025-11-10 12:06:47 +0900: Memory Usage (447372K) : Executing rule Cnt.g1
2025-11-10 12:06:47 +0900: Memory Usage (447372K) : Executing rule Cnt.g2
2025-11-10 12:06:47 +0900: Memory Usage (446068K) : Starting 5.15. ContBar table
2025-11-10 12:06:47 +0900: Memory Usage (446068K) : Executing rule CntB.b1
2025-11-10 12:06:47 +0900: Memory Usage (446068K) : Executing rule CntB.h1
2025-11-10 12:06:47 +0900: Memory Usage (446068K) : Starting 5.16. Metal1 table
2025-11-10 12:06:47 +0900: Memory Usage (446068K) : Executing rule M1.a
2025-11-10 12:06:47 +0900: Memory Usage (446068K) : Executing rule M1.b
2025-11-10 12:06:47 +0900: Memory Usage (446068K) : Executing rule M1.e
2025-11-10 12:06:47 +0900: Memory Usage (446068K) : Executing rule M1.f
2025-11-10 12:06:47 +0900: Memory Usage (446068K) : Executing rule M1.g
2025-11-10 12:06:47 +0900: Memory Usage (446068K) : Executing rule M1.i
2025-11-10 12:06:47 +0900: Memory Usage (446068K) : Starting 5.17 Metaln table
2025-11-10 12:06:47 +0900: Memory Usage (446068K) : Executing rule M2.a
2025-11-10 12:06:47 +0900: Memory Usage (446068K) : Executing rule M2.b
2025-11-10 12:06:47 +0900: Memory Usage (446068K) : Executing rule M2.e
2025-11-10 12:06:47 +0900: Memory Usage (446068K) : Executing rule M2.f
2025-11-10 12:06:47 +0900: Memory Usage (446068K) : Executing rule M2.g
2025-11-10 12:06:47 +0900: Memory Usage (446068K) : Executing rule M2.i
2025-11-10 12:06:47 +0900: Memory Usage (446068K) : Executing rule M3.a
2025-11-10 12:06:47 +0900: Memory Usage (446068K) : Executing rule M3.b
2025-11-10 12:06:47 +0900: Memory Usage (446068K) : Executing rule M3.e
2025-11-10 12:06:47 +0900: Memory Usage (446068K) : Executing rule M3.f
2025-11-10 12:06:47 +0900: Memory Usage (446068K) : Executing rule M3.g
2025-11-10 12:06:47 +0900: Memory Usage (446068K) : Executing rule M3.i
2025-11-10 12:06:47 +0900: Memory Usage (446068K) : Executing rule M4.a
2025-11-10 12:06:47 +0900: Memory Usage (446068K) : Executing rule M4.b
2025-11-10 12:06:47 +0900: Memory Usage (446068K) : Executing rule M4.e
2025-11-10 12:06:47 +0900: Memory Usage (446068K) : Executing rule M4.f
2025-11-10 12:06:47 +0900: Memory Usage (446068K) : Executing rule M4.g
2025-11-10 12:06:47 +0900: Memory Usage (446068K) : Executing rule M4.i
2025-11-10 12:06:47 +0900: Memory Usage (446068K) : Executing rule M5.a
2025-11-10 12:06:47 +0900: Memory Usage (446068K) : Executing rule M5.b
2025-11-10 12:06:47 +0900: Memory Usage (446068K) : Executing rule M5.e
2025-11-10 12:06:47 +0900: Memory Usage (446068K) : Executing rule M5.f
2025-11-10 12:06:47 +0900: Memory Usage (446068K) : Executing rule M5.g
2025-11-10 12:06:47 +0900: Memory Usage (446068K) : Executing rule M5.i
2025-11-10 12:06:47 +0900: Memory Usage (446068K) : Starting 5.18 Metaln:filler table
2025-11-10 12:06:47 +0900: Memory Usage (446068K) : Executing rule M1Fil.c
2025-11-10 12:06:47 +0900: Memory Usage (446068K) : Executing rule M1Fil.a2
2025-11-10 12:06:47 +0900: Memory Usage (446068K) : Executing rule M2Fil.c
2025-11-10 12:06:47 +0900: Memory Usage (446068K) : Executing rule M2Fil.a2
2025-11-10 12:06:47 +0900: Memory Usage (446068K) : Executing rule M3Fil.c
2025-11-10 12:06:47 +0900: Memory Usage (446068K) : Executing rule M3Fil.a2
2025-11-10 12:06:47 +0900: Memory Usage (446068K) : Executing rule M4Fil.c
2025-11-10 12:06:47 +0900: Memory Usage (446068K) : Executing rule M4Fil.a2
2025-11-10 12:06:47 +0900: Memory Usage (446068K) : Executing rule M5Fil.c
2025-11-10 12:06:47 +0900: Memory Usage (446068K) : Executing rule M5Fil.a2
2025-11-10 12:06:47 +0900: Memory Usage (446068K) : Starting 5.19. Via1 table
2025-11-10 12:06:47 +0900: Memory Usage (446068K) : Starting 5.19. Via1 table derivations
2025-11-10 12:06:47 +0900: Memory Usage (446068K) : Executing rule V1.a
2025-11-10 12:06:47 +0900: Memory Usage (446068K) : Executing rule V1.b
2025-11-10 12:06:47 +0900: Memory Usage (446068K) : Executing rule V1.c
2025-11-10 12:06:47 +0900: Memory Usage (446068K) : Starting 5.20. Vian table
2025-11-10 12:06:47 +0900: Memory Usage (446068K) : Executing rule V2.a
2025-11-10 12:06:47 +0900: Memory Usage (446068K) : Executing rule V2.b
2025-11-10 12:06:47 +0900: Memory Usage (446068K) : Executing rule V2.c
2025-11-10 12:06:47 +0900: Memory Usage (446068K) : Executing rule V3.a
2025-11-10 12:06:47 +0900: Memory Usage (446068K) : Executing rule V3.b
2025-11-10 12:06:47 +0900: Memory Usage (446068K) : Executing rule V3.c
2025-11-10 12:06:47 +0900: Memory Usage (446068K) : Executing rule V4.a
2025-11-10 12:06:47 +0900: Memory Usage (446068K) : Executing rule V4.b
2025-11-10 12:06:47 +0900: Memory Usage (446068K) : Executing rule V4.c
2025-11-10 12:06:47 +0900: Memory Usage (446068K) : Starting 5.21. TopVia1 table
2025-11-10 12:06:47 +0900: Memory Usage (446068K) : Executing rule TV1.a
2025-11-10 12:06:47 +0900: Memory Usage (446068K) : Executing rule TV1.b
2025-11-10 12:06:47 +0900: Memory Usage (446068K) : Executing rule TV1.c
2025-11-10 12:06:47 +0900: Memory Usage (446068K) : Executing rule TV1.d
2025-11-10 12:06:47 +0900: Memory Usage (446068K) : Starting 5.22. TopMetal1 table
2025-11-10 12:06:47 +0900: Memory Usage (446068K) : Executing rule TM1.a
2025-11-10 12:06:47 +0900: Memory Usage (446068K) : Executing rule TM1.b
2025-11-10 12:06:47 +0900: Memory Usage (446068K) : Starting 5.23 TopMetal1:filler table
2025-11-10 12:06:47 +0900: Memory Usage (446068K) : Executing rule TM1Fil.c
2025-11-10 12:06:47 +0900: Memory Usage (446068K) : Executing rule TM1Fil.a1
2025-11-10 12:06:47 +0900: Memory Usage (446068K) : Starting 5.24. TopVia2 table
2025-11-10 12:06:47 +0900: Memory Usage (446068K) : Executing rule TV2.a
2025-11-10 12:06:47 +0900: Memory Usage (446068K) : Executing rule TV2.b
2025-11-10 12:06:47 +0900: Memory Usage (446068K) : Executing rule TV2.c
2025-11-10 12:06:47 +0900: Memory Usage (446068K) : Executing rule TV2.d
2025-11-10 12:06:47 +0900: Memory Usage (446068K) : Starting 5.25. TopMetal2 table
2025-11-10 12:06:47 +0900: Memory Usage (446068K) : Executing rule TM2.a
2025-11-10 12:06:47 +0900: Memory Usage (446068K) : Executing rule TM2.b
2025-11-10 12:06:47 +0900: Memory Usage (446068K) : Executing rule TM2.bR
2025-11-10 12:06:47 +0900: Memory Usage (446068K) : Starting 5.26 TopMetal2:filler table
2025-11-10 12:06:47 +0900: Memory Usage (446068K) : Executing rule TM2Fil.c
2025-11-10 12:06:47 +0900: Memory Usage (446068K) : Executing rule TM2Fil.a1
2025-11-10 12:06:47 +0900: Memory Usage (446068K) : Starting 5.27. Passiv table
2025-11-10 12:06:47 +0900: Memory Usage (446068K) : Executing rule Pas.a
2025-11-10 12:06:47 +0900: Memory Usage (446068K) : Executing rule Pas.b
2025-11-10 12:06:47 +0900: Memory Usage (446068K) : Executing rule Pas.c
2025-11-10 12:06:47 +0900: Memory Usage (446068K) : Starting 6.1.3 NPN Substrate-Tie table
2025-11-10 12:06:47 +0900: Memory Usage (446068K) : Executing rule npn13G2.bR 
2025-11-10 12:06:47 +0900: Memory Usage (446068K) : Executing rule npn13G2L.cR 
2025-11-10 12:06:47 +0900: Memory Usage (446068K) : Executing rule npn13G2V.cR 
2025-11-10 12:06:47 +0900: Memory Usage (446068K) : Starting 6.7 Schottky diode table
2025-11-10 12:06:47 +0900: Memory Usage (446068K) : Executing rule Sdiod.d
2025-11-10 12:06:47 +0900: Memory Usage (446068K) : Executing rule Sdiod.e
2025-11-10 12:06:47 +0900: Memory Usage (446068K) : Starting 6.9 Pad table
2025-11-10 12:06:47 +0900: Memory Usage (446068K) : Executing rule Pad.m
2025-11-10 12:06:47 +0900: Memory Usage (446068K) : Executing rule Pad.fR_M1
2025-11-10 12:06:47 +0900: Memory Usage (446068K) : Executing rule Pad.fR_M2
2025-11-10 12:06:47 +0900: Memory Usage (446068K) : Executing rule Pad.fR_M3
2025-11-10 12:06:47 +0900: Memory Usage (446068K) : Executing rule Pad.fR_M4
2025-11-10 12:06:47 +0900: Memory Usage (446068K) : Executing rule Pad.fR_M5
2025-11-10 12:06:47 +0900: Memory Usage (446068K) : Executing rule Pad.fR_TM1
2025-11-10 12:06:47 +0900: Memory Usage (446068K) : Executing rule Pad.fR_TM2
2025-11-10 12:06:47 +0900: Memory Usage (446068K) : Executing rule Pad.i
2025-11-10 12:06:47 +0900: Memory Usage (446068K) : Starting 6.9.1 Solder Bump
2025-11-10 12:06:47 +0900: Memory Usage (446068K) : Executing rule Padb.a
2025-11-10 12:06:47 +0900: Memory Usage (446068K) : Executing rule Padb.b
2025-11-10 12:06:47 +0900: Memory Usage (446068K) : Executing rule Padb.c
2025-11-10 12:06:47 +0900: Memory Usage (446068K) : Executing rule Padb.f
2025-11-10 12:06:47 +0900: Memory Usage (446068K) : Executing rule Padb.d
2025-11-10 12:06:47 +0900: Memory Usage (446068K) : Starting 6.9.2 Copper Pillar table
2025-11-10 12:06:47 +0900: Memory Usage (446068K) : Executing rule Padc.a
2025-11-10 12:06:47 +0900: Memory Usage (446068K) : Executing rule Padc.b
2025-11-10 12:06:47 +0900: Memory Usage (446068K) : Executing rule Padc.c
2025-11-10 12:06:47 +0900: Memory Usage (446068K) : Executing rule Padb.f
2025-11-10 12:06:47 +0900: Memory Usage (446196K) : Starting 6.10 Sealring table
2025-11-10 12:06:47 +0900: Memory Usage (446196K) : Executing rule Seal.l
2025-11-10 12:06:47 +0900: Memory Usage (446196K) : Executing rule Seal.n
2025-11-10 12:06:47 +0900: Memory Usage (446196K) : Executing rule seal.b_metal1
2025-11-10 12:06:47 +0900: Memory Usage (446196K) : Executing rule seal.b_metal2
2025-11-10 12:06:47 +0900: Memory Usage (446196K) : Executing rule seal.b_metal3
2025-11-10 12:06:47 +0900: Memory Usage (446196K) : Executing rule seal.b_metal4
2025-11-10 12:06:47 +0900: Memory Usage (446196K) : Executing rule seal.b_metal5
2025-11-10 12:06:47 +0900: Memory Usage (446196K) : Executing rule seal.b_topmetal1
2025-11-10 12:06:47 +0900: Memory Usage (446324K) : Executing rule seal.b_topmetal2
2025-11-10 12:06:47 +0900: Memory Usage (446324K) : Executing rule seal.b_activ
2025-11-10 12:06:47 +0900: Memory Usage (446324K) : Executing rule seal.b_psd
2025-11-10 12:06:47 +0900: Memory Usage (446324K) : Executing rule Seal.k
2025-11-10 12:06:47 +0900: Memory Usage (446324K) : Executing rule Seal.m
2025-11-10 12:06:47 +0900: Memory Usage (446324K) : Starting 6.11 MIM table
2025-11-10 12:06:47 +0900: Memory Usage (446324K) : Executing rule MIM.c
2025-11-10 12:06:47 +0900: Memory Usage (446452K) : Executing rule MIM.d
2025-11-10 12:06:47 +0900: Memory Usage (446452K) : Executing rule MIM.gR
2025-11-10 12:06:47 +0900: Memory Usage (446452K) : Starting 7.2 Latch-up table
2025-11-10 12:06:47 +0900: Memory Usage (446452K) : Executing rule LU.b
2025-11-10 12:06:48 +0900: Memory Usage (446452K) : Starting 7.3 Metal Slits table
2025-11-10 12:06:48 +0900: Memory Usage (446452K) : Executing rule Slt.e1_M1
2025-11-10 12:06:48 +0900: Memory Usage (446452K) : Executing rule Slt.e1_M2
2025-11-10 12:06:48 +0900: Memory Usage (446580K) : Executing rule Slt.e1_M3
2025-11-10 12:06:48 +0900: Memory Usage (446580K) : Executing rule Slt.e1_M4
2025-11-10 12:06:48 +0900: Memory Usage (446580K) : Executing rule Slt.e1_M5
2025-11-10 12:06:48 +0900: Memory Usage (446580K) : Executing rule Slt.e1_TM1
2025-11-10 12:06:48 +0900: Memory Usage (446580K) : Executing rule Slt.e1_TM2
2025-11-10 12:06:48 +0900: Memory Usage (446580K) : Starting 7.4. PIN table
2025-11-10 12:06:48 +0900: Memory Usage (446580K) : Executing rule Pin.a
2025-11-10 12:06:48 +0900: Memory Usage (446580K) : Executing rule Pin.b
2025-11-10 12:06:48 +0900: Memory Usage (446836K) : Executing rule Pin.e
2025-11-10 12:06:48 +0900: Memory Usage (446836K) : Executing rule Pin.f_M2
2025-11-10 12:06:48 +0900: Memory Usage (446964K) : Executing rule Pin.f_M3
2025-11-10 12:06:48 +0900: Memory Usage (446964K) : Executing rule Pin.f_M4
2025-11-10 12:06:48 +0900: Memory Usage (447220K) : Executing rule Pin.f_M5
2025-11-10 12:06:48 +0900: Memory Usage (447220K) : Executing rule Pin.g
2025-11-10 12:06:48 +0900: Memory Usage (447348K) : Executing rule Pin.h
2025-11-10 12:06:48 +0900: Memory Usage (447476K) : Starting 9.1. LBE table
2025-11-10 12:06:48 +0900: Memory Usage (447476K) : Executing rule LBE.a
2025-11-10 12:06:48 +0900: Memory Usage (447604K) : Executing rule LBE.b
2025-11-10 12:06:48 +0900: Memory Usage (447732K) : Executing rule LBE.b1
2025-11-10 12:06:48 +0900: Memory Usage (447860K) : Executing rule LBE.c
2025-11-10 12:06:48 +0900: Memory Usage (447988K) : Executing rule LBE.d
2025-11-10 12:06:48 +0900: Memory Usage (447988K) : Executing rule LBE.h
2025-11-10 12:06:48 +0900: Memory Usage (448116K) : KLayout DRC run for table 'main' completed in 0.73 seconds
